Using pre-set license
Built from '2020.3/staging' branch; Version is '2020.3.5f1 (8095aa901b9b) revision 8426922'; Using compiler version '192528614'; Build Type 'Release'
OS: 'Windows 10 Pro Education; OS build 19042.985; Version 2009; 64bit' Language: 'en' Physical Memory: 8106 MB
BatchMode: 1, IsHumanControllingUs: 0, StartBugReporterOnCrash: 0, Is64bit: 1, IsPro: 0

 COMMAND LINE ARGUMENTS:
C:\Program Files\Unity\Hub\Editor\2020.3.5f1\Editor\Unity.exe
-adb2
-batchMode
-noUpm
-name
AssetImportWorker0
-projectPath
C:/Users/Nelson/Documents/Escola/Programação/modulo9/projetomodulo9/PokeBully
-logFile
Logs/AssetImportWorker0.log
-srvPort
60213
Successfully changed project path to: C:/Users/Nelson/Documents/Escola/Programação/modulo9/projetomodulo9/PokeBully
C:/Users/Nelson/Documents/Escola/Programação/modulo9/projetomodulo9/PokeBully
Using Asset Import Pipeline V2.
Refreshing native plugins compatible for Editor in 70.35 ms, found 1 plugins.
Preloading 0 native plugins for Editor in 0.00 ms.
Initialize engine version: 2020.3.5f1 (8095aa901b9b)
[Subsystems] Discovering subsystems at path C:/Program Files/Unity/Hub/Editor/2020.3.5f1/Editor/Data/Resources/UnitySubsystems
[Subsystems] Discovering subsystems at path C:/Users/Nelson/Documents/Escola/Programação/modulo9/projetomodulo9/PokeBully/Assets
GfxDevice: creating device client; threaded=0
Direct3D:
    Version:  Direct3D 11.0 [level 11.1]
    Renderer: Intel(R) HD Graphics 5500 (ID=0x1616)
    Vendor:   
    VRAM:     4053 MB
    Driver:   20.19.15.5058
Initialize mono
Mono path[0] = 'C:/Program Files/Unity/Hub/Editor/2020.3.5f1/Editor/Data/Managed'
Mono path[1] = 'C:/Program Files/Unity/Hub/Editor/2020.3.5f1/Editor/Data/MonoBleedingEdge/lib/mono/unityjit'
Mono config path = 'C:/Program Files/Unity/Hub/Editor/2020.3.5f1/Editor/Data/MonoBleedingEdge/etc'
Using monoOptions --debugger-agent=transport=dt_socket,embedding=1,server=y,suspend=n,address=127.0.0.1:56668
Begin MonoManager ReloadAssembly
Registering precompiled unity dll's ...
Register platform support module: C:/Program Files/Unity/Hub/Editor/2020.3.5f1/Editor/Data/PlaybackEngines/MacStandaloneSupport/UnityEditor.OSXStandalone.Extensions.dll
Register platform support module: C:/Program Files/Unity/Hub/Editor/2020.3.5f1/Editor/Data/PlaybackEngines/WindowsStandaloneSupport/UnityEditor.WindowsStandalone.Extensions.dll
Register platform support module: C:/Program Files/Unity/Hub/Editor/2020.3.5f1/Editor/Data/PlaybackEngines/LinuxStandaloneSupport/UnityEditor.LinuxStandalone.Extensions.dll
Registered in 0.004870 seconds.
Native extension for LinuxStandalone target not found
Native extension for WindowsStandalone target not found
Native extension for OSXStandalone target not found
Refreshing native plugins compatible for Editor in 68.88 ms, found 1 plugins.
Preloading 0 native plugins for Editor in 0.00 ms.
Mono: successfully reloaded assembly
- Completed reload, in  2.238 seconds
Platform modules already initialized, skipping
Registering precompiled user dll's ...
Registered in 0.001692 seconds.
Begin MonoManager ReloadAssembly
Native extension for LinuxStandalone target not found
Native extension for WindowsStandalone target not found
Native extension for OSXStandalone target not found
Refreshing native plugins compatible for Editor in 72.90 ms, found 1 plugins.
Preloading 0 native plugins for Editor in 0.00 ms.
Mono: successfully reloaded assembly
- Completed reload, in  2.037 seconds
Platform modules already initialized, skipping
========================================================================
Worker process is ready to serve import requests
Launched and connected shader compiler UnityShaderCompiler.exe after 0.12 seconds
Refreshing native plugins compatible for Editor in 0.92 ms, found 1 plugins.
Preloading 0 native plugins for Editor in 0.00 ms.
Unloading 1810 Unused Serialized files (Serialized files now loaded: 0)
System memory in use before: 85.6 MB.
System memory in use after: 85.5 MB.

Unloading 24 unused Assets to reduce memory usage. Loaded Objects now: 2254.
Total: 3.460600 ms (FindLiveObjects: 0.262700 ms CreateObjectMapping: 0.104800 ms MarkObjects: 2.891100 ms  DeleteObjects: 0.199700 ms)

========================================================================
Received Import Request.
  path: Assets/TopDown 2D RPG BE3/Sprites/More Tiles.prefab
  artifactKey: Guid(1605729a35f3bfc4cb5939c4e5e5bf33) Importer(815301076,1909f56bfc062723c751e8b465ee728b)
Start importing Assets/TopDown 2D RPG BE3/Sprites/More Tiles.prefab using Guid(1605729a35f3bfc4cb5939c4e5e5bf33) Importer(815301076,1909f56bfc062723c751e8b465ee728b)  -> (artifact id: 'eaf82bd9538ec3e065318da155cec9e1') in 0.153499 seconds
  Import took 0.162517 seconds .

========================================================================
Received Import Request.
  Time since last request: 5.685445 seconds.
  path: Assets/TopDown 2D RPG BE3/Sprites/House A5.asset
  artifactKey: Guid(ae4c417d8efcfa644bce94383f01e806) Importer(815301076,1909f56bfc062723c751e8b465ee728b)
Start importing Assets/TopDown 2D RPG BE3/Sprites/House A5.asset using Guid(ae4c417d8efcfa644bce94383f01e806) Importer(815301076,1909f56bfc062723c751e8b465ee728b)  -> (artifact id: 'dedbb17ace78650ac200f14041a5182e') in 0.161185 seconds
  Import took 0.168357 seconds .

========================================================================
Received Import Request.
  Time since last request: 0.000409 seconds.
  path: Assets/TopDown 2D RPG BE3/Sprites/House B1.asset
  artifactKey: Guid(aad511035daaaad498879ac4659df890) Importer(815301076,1909f56bfc062723c751e8b465ee728b)
Start importing Assets/TopDown 2D RPG BE3/Sprites/House B1.asset using Guid(aad511035daaaad498879ac4659df890) Importer(815301076,1909f56bfc062723c751e8b465ee728b)  -> (artifact id: '55713598d41706b9537592e9a605201d') in 0.015302 seconds
  Import took 0.030253 seconds .

========================================================================
Received Import Request.
  Time since last request: 0.000754 seconds.
  path: Assets/TopDown 2D RPG BE3/Sprites/House B2.asset
  artifactKey: Guid(7f24874cfbb4af942b1317392e2ed39e) Importer(815301076,1909f56bfc062723c751e8b465ee728b)
Start importing Assets/TopDown 2D RPG BE3/Sprites/House B2.asset using Guid(7f24874cfbb4af942b1317392e2ed39e) Importer(815301076,1909f56bfc062723c751e8b465ee728b)  -> (artifact id: '1be1f60901cf9c72871bb262c5a1dcad') in 0.019553 seconds
  Import took 0.036552 seconds .

========================================================================
Received Import Request.
  Time since last request: 0.001369 seconds.
  path: Assets/TopDown 2D RPG BE3/Sprites/House B5.asset
  artifactKey: Guid(f3d1b98c37c9c554d8e8a939978cfe9b) Importer(815301076,1909f56bfc062723c751e8b465ee728b)
Start importing Assets/TopDown 2D RPG BE3/Sprites/House B5.asset using Guid(f3d1b98c37c9c554d8e8a939978cfe9b) Importer(815301076,1909f56bfc062723c751e8b465ee728b)  -> (artifact id: '8d912cc5a85a6c3d1e296fc4ca23342b') in 0.017780 seconds
  Import took 0.034374 seconds .

========================================================================
Received Import Request.
  Time since last request: 0.000140 seconds.
  path: Assets/TopDown 2D RPG BE3/Sprites/More Tiles.prefab
  artifactKey: Guid(1605729a35f3bfc4cb5939c4e5e5bf33) Importer(815301076,1909f56bfc062723c751e8b465ee728b)
Start importing Assets/TopDown 2D RPG BE3/Sprites/More Tiles.prefab using Guid(1605729a35f3bfc4cb5939c4e5e5bf33) Importer(815301076,1909f56bfc062723c751e8b465ee728b)  -> (artifact id: 'fd2dc43eb8213fd1e548ef6796041172') in 0.013065 seconds
  Import took 0.025543 seconds .

========================================================================
Received Import Request.
  Time since last request: 0.000627 seconds.
  path: Assets/TopDown 2D RPG BE3/Sprites/House B0.asset
  artifactKey: Guid(cb38e08666701e148936225f6125269f) Importer(815301076,1909f56bfc062723c751e8b465ee728b)
Start importing Assets/TopDown 2D RPG BE3/Sprites/House B0.asset using Guid(cb38e08666701e148936225f6125269f) Importer(815301076,1909f56bfc062723c751e8b465ee728b)  -> (artifact id: 'b9d392e433ba0751ad98874834ed3985') in 0.016175 seconds
  Import took 0.024417 seconds .

========================================================================
Received Import Request.
  Time since last request: 0.000407 seconds.
  path: Assets/TopDown 2D RPG BE3/Sprites/House B3.asset
  artifactKey: Guid(f38fb54612c77364d94e32a5d760a82f) Importer(815301076,1909f56bfc062723c751e8b465ee728b)
Start importing Assets/TopDown 2D RPG BE3/Sprites/House B3.asset using Guid(f38fb54612c77364d94e32a5d760a82f) Importer(815301076,1909f56bfc062723c751e8b465ee728b)  -> (artifact id: '8e9cf599d130fec67c622ed28c79d210') in 0.038878 seconds
  Import took 0.063034 seconds .

========================================================================
Received Import Request.
  Time since last request: 0.000213 seconds.
  path: Assets/TopDown 2D RPG BE3/Sprites/House B4.asset
  artifactKey: Guid(73dceaf2e64917143b114b43fd909fa6) Importer(815301076,1909f56bfc062723c751e8b465ee728b)
Start importing Assets/TopDown 2D RPG BE3/Sprites/House B4.asset using Guid(73dceaf2e64917143b114b43fd909fa6) Importer(815301076,1909f56bfc062723c751e8b465ee728b)  -> (artifact id: 'ca84f16bf46d606cf8dcc74015bcbc02') in 0.087994 seconds
  Import took 0.106130 seconds .

========================================================================
Received Import Request.
  Time since last request: 45.538761 seconds.
  path: Assets/TopDown 2D RPG BE3/Sprites/Plant 0.asset
  artifactKey: Guid(3e41cf3131c35b344b765ca4375b4ae8) Importer(815301076,1909f56bfc062723c751e8b465ee728b)
Start importing Assets/TopDown 2D RPG BE3/Sprites/Plant 0.asset using Guid(3e41cf3131c35b344b765ca4375b4ae8) Importer(815301076,1909f56bfc062723c751e8b465ee728b)  -> (artifact id: '5eab33d28d19666bd14eb5fc6dd1aed1') in 0.008559 seconds
  Import took 0.015958 seconds .

========================================================================
Received Import Request.
  Time since last request: 0.000397 seconds.
  path: Assets/TopDown 2D RPG BE3/Sprites/Plant 1.asset
  artifactKey: Guid(af928684159451d428db7e362139d029) Importer(815301076,1909f56bfc062723c751e8b465ee728b)
Start importing Assets/TopDown 2D RPG BE3/Sprites/Plant 1.asset using Guid(af928684159451d428db7e362139d029) Importer(815301076,1909f56bfc062723c751e8b465ee728b)  -> (artifact id: '7cf37594557664fcee893c0804d3a050') in 0.012908 seconds
  Import took 0.022571 seconds .

========================================================================
Received Import Request.
  Time since last request: 4.189371 seconds.
  path: Assets/TopDown 2D RPG BE3/Sprites/Rock.asset
  artifactKey: Guid(c43557d96a18e2941a0d090a23e7d226) Importer(815301076,1909f56bfc062723c751e8b465ee728b)
Start importing Assets/TopDown 2D RPG BE3/Sprites/Rock.asset using Guid(c43557d96a18e2941a0d090a23e7d226) Importer(815301076,1909f56bfc062723c751e8b465ee728b)  -> (artifact id: 'fd208b5d00686b96d47a3d0223942d06') in 0.010113 seconds
  Import took 0.015992 seconds .

========================================================================
Received Import Request.
  Time since last request: 3.079857 seconds.
  path: Assets/TopDown 2D RPG BE3/Sprites/Flower A0.asset
  artifactKey: Guid(d66ce7c6184f8cc40b37cc42b8c2d4f0) Importer(815301076,1909f56bfc062723c751e8b465ee728b)
Start importing Assets/TopDown 2D RPG BE3/Sprites/Flower A0.asset using Guid(d66ce7c6184f8cc40b37cc42b8c2d4f0) Importer(815301076,1909f56bfc062723c751e8b465ee728b)  -> (artifact id: 'b7b0599ab05f7e93bfb6c3fdb83cb9d5') in 0.012572 seconds
  Import took 0.019381 seconds .

========================================================================
Received Import Request.
  Time since last request: 0.000449 seconds.
  path: Assets/TopDown 2D RPG BE3/Sprites/House A0.asset
  artifactKey: Guid(8ce76adf16229cd40bb98649a139a4ec) Importer(815301076,1909f56bfc062723c751e8b465ee728b)
Start importing Assets/TopDown 2D RPG BE3/Sprites/House A0.asset using Guid(8ce76adf16229cd40bb98649a139a4ec) Importer(815301076,1909f56bfc062723c751e8b465ee728b)  -> (artifact id: 'c40901f4a8ef7bd75b72af551bb88fe0') in 0.013441 seconds
  Import took 0.020935 seconds .

========================================================================
Received Import Request.
  Time since last request: 0.000449 seconds.
  path: Assets/TopDown 2D RPG BE3/Sprites/Flower A1.asset
  artifactKey: Guid(2a69335faea0a9746acdf08c7d029183) Importer(815301076,1909f56bfc062723c751e8b465ee728b)
Start importing Assets/TopDown 2D RPG BE3/Sprites/Flower A1.asset using Guid(2a69335faea0a9746acdf08c7d029183) Importer(815301076,1909f56bfc062723c751e8b465ee728b)  -> (artifact id: 'edc30b48d4d975ca2d7c98f4a0d301b9') in 0.018567 seconds
  Import took 0.033890 seconds .

========================================================================
Received Import Request.
  Time since last request: 0.000584 seconds.
  path: Assets/TopDown 2D RPG BE3/Sprites/House A2.asset
  artifactKey: Guid(998a98ee9abd5ec409c6f41e79634369) Importer(815301076,1909f56bfc062723c751e8b465ee728b)
Start importing Assets/TopDown 2D RPG BE3/Sprites/House A2.asset using Guid(998a98ee9abd5ec409c6f41e79634369) Importer(815301076,1909f56bfc062723c751e8b465ee728b)  -> (artifact id: '2917e1bb21e52934bbf050cf79fcd905') in 0.011163 seconds
  Import took 0.023064 seconds .

========================================================================
Received Import Request.
  Time since last request: 0.000374 seconds.
  path: Assets/TopDown 2D RPG BE3/Sprites/Flower B1.asset
  artifactKey: Guid(e4639ae4c9aa2494c9b71ba8920fbe34) Importer(815301076,1909f56bfc062723c751e8b465ee728b)
Start importing Assets/TopDown 2D RPG BE3/Sprites/Flower B1.asset using Guid(e4639ae4c9aa2494c9b71ba8920fbe34) Importer(815301076,1909f56bfc062723c751e8b465ee728b)  -> (artifact id: '174e365a3525485316ce9cbed0c4a12b') in 0.025841 seconds
  Import took 0.031977 seconds .

========================================================================
Received Import Request.
  Time since last request: 0.000383 seconds.
  path: Assets/TopDown 2D RPG BE3/Sprites/House A3.asset
  artifactKey: Guid(fe5753b2b850a41488d66ade9a80e048) Importer(815301076,1909f56bfc062723c751e8b465ee728b)
Start importing Assets/TopDown 2D RPG BE3/Sprites/House A3.asset using Guid(fe5753b2b850a41488d66ade9a80e048) Importer(815301076,1909f56bfc062723c751e8b465ee728b)  -> (artifact id: 'ea13de28dac807b6c8232f2c38a4202a') in 0.014550 seconds
  Import took 0.022059 seconds .

========================================================================
Received Import Request.
  Time since last request: 0.000414 seconds.
  path: Assets/TopDown 2D RPG BE3/Sprites/House A1.asset
  artifactKey: Guid(a7a67fe1a0ac8a045affa0bdc7390827) Importer(815301076,1909f56bfc062723c751e8b465ee728b)
Start importing Assets/TopDown 2D RPG BE3/Sprites/House A1.asset using Guid(a7a67fe1a0ac8a045affa0bdc7390827) Importer(815301076,1909f56bfc062723c751e8b465ee728b)  -> (artifact id: '418008e3c89770eb701bad01c19028fd') in 0.009819 seconds
  Import took 0.017296 seconds .

========================================================================
Received Import Request.
  Time since last request: 0.000408 seconds.
  path: Assets/TopDown 2D RPG BE3/Sprites/House A4.asset
  artifactKey: Guid(67d8ff8e8e1361e4ea6e37cb53174808) Importer(815301076,1909f56bfc062723c751e8b465ee728b)
Start importing Assets/TopDown 2D RPG BE3/Sprites/House A4.asset using Guid(67d8ff8e8e1361e4ea6e37cb53174808) Importer(815301076,1909f56bfc062723c751e8b465ee728b)  -> (artifact id: '4a8a71e5e9b03f765042159200474f2b') in 0.017609 seconds
  Import took 0.026964 seconds .

========================================================================
Received Import Request.
  Time since last request: 0.002323 seconds.
  path: Assets/TopDown 2D RPG BE3/Sprites/Flower B0.asset
  artifactKey: Guid(c4cfbfd6699412f419b67e3ce746802c) Importer(815301076,1909f56bfc062723c751e8b465ee728b)
Start importing Assets/TopDown 2D RPG BE3/Sprites/Flower B0.asset using Guid(c4cfbfd6699412f419b67e3ce746802c) Importer(815301076,1909f56bfc062723c751e8b465ee728b)  -> (artifact id: '37cc0aca3d0e5b76b807160d0735e4ae') in 0.019400 seconds
  Import took 0.031429 seconds .

========================================================================
Received Import Request.
  Time since last request: 0.347554 seconds.
  path: Assets/TopDown 2D RPG BE3/Sprites/Box.asset
  artifactKey: Guid(023e4f8ded517f74485356df4a21dc63) Importer(815301076,1909f56bfc062723c751e8b465ee728b)
Start importing Assets/TopDown 2D RPG BE3/Sprites/Box.asset using Guid(023e4f8ded517f74485356df4a21dc63) Importer(815301076,1909f56bfc062723c751e8b465ee728b)  -> (artifact id: '8d2d9f9fe1ed1a533d4322ec25556882') in 0.011285 seconds
  Import took 0.018782 seconds .

========================================================================
Received Import Request.
  Time since last request: 0.000410 seconds.
  path: Assets/TopDown 2D RPG BE3/Sprites/Desk.asset
  artifactKey: Guid(63756dc72921e044d9f8bfde73d675a7) Importer(815301076,1909f56bfc062723c751e8b465ee728b)
Start importing Assets/TopDown 2D RPG BE3/Sprites/Desk.asset using Guid(63756dc72921e044d9f8bfde73d675a7) Importer(815301076,1909f56bfc062723c751e8b465ee728b)  -> (artifact id: 'bbe6afe765c8c32a4152989611d0f2aa') in 0.010998 seconds
  Import took 0.017017 seconds .

========================================================================
Received Import Request.
  Time since last request: 19.111997 seconds.
  path: Assets/TopDown 2D RPG BE3/Sprites/Tree 0.asset
  artifactKey: Guid(6906315fd5463ce488965a68f8cde78f) Importer(815301076,1909f56bfc062723c751e8b465ee728b)
Start importing Assets/TopDown 2D RPG BE3/Sprites/Tree 0.asset using Guid(6906315fd5463ce488965a68f8cde78f) Importer(815301076,1909f56bfc062723c751e8b465ee728b)  -> (artifact id: 'ba43c1871009c820491866dc10456274') in 0.019052 seconds
  Import took 0.031361 seconds .

========================================================================
Received Import Request.
  Time since last request: 0.000396 seconds.
  path: Assets/TopDown 2D RPG BE3/Sprites/Tree 1.asset
  artifactKey: Guid(91982920714124e4ca4c214b4988269b) Importer(815301076,1909f56bfc062723c751e8b465ee728b)
Start importing Assets/TopDown 2D RPG BE3/Sprites/Tree 1.asset using Guid(91982920714124e4ca4c214b4988269b) Importer(815301076,1909f56bfc062723c751e8b465ee728b)  -> (artifact id: '147f8045bcd1c54a762d79336908ede1') in 0.013985 seconds
  Import took 0.020357 seconds .

AssetImportWorkerClient::OnTransportError - code=2 error=End of file
